<?xml version="1.0" encoding="UTF-8"?>
<!-- Generated by org.testng.reporters.JUnitReportReporter -->
<testsuite hostname="F7P7CW1-LAP" failures="0" tests="1" name="com.comparethemarket.testscripts.TC_002_GasTest" time="25.784" errors="0" timestamp="30 Apr 2020 16:05:54 GMT">
  <testcase classname="com.comparethemarket.testscripts.TC_002_GasTest" name="TC_001_GasTestMethod" time="25.784"/>
</testsuite> <!-- com.comparethemarket.testscripts.TC_002_GasTest -->
