<?xml version="1.0" encoding="UTF-8"?>
<!-- Generated by org.testng.reporters.JUnitReportReporter -->
<testsuite hostname="F7P7CW1-LAP" failures="0" tests="1" name="com.comparethemarket.testscripts.TC_001_ALDI_NAMEDDAY_Despatch" time="24.809" errors="0" timestamp="28 Apr 2020 18:52:05 GMT">
  <testcase classname="com.comparethemarket.testscripts.TC_001_ALDI_NAMEDDAY_Despatch" name="TC_001_DispatchTest" time="24.809"/>
</testsuite> <!-- com.comparethemarket.testscripts.TC_001_ALDI_NAMEDDAY_Despatch -->
