<?xml version="1.0" encoding="UTF-8"?>
<!-- Generated by org.testng.reporters.JUnitReportReporter -->
<testsuite hostname="F7P7CW1-LAP" failures="0" tests="1" name="com.comparethemarket.testscripts.TC_003_GasAndElectricityTest" time="28.074" errors="0" timestamp="30 Apr 2020 16:11:50 GMT">
  <testcase classname="com.comparethemarket.testscripts.TC_003_GasAndElectricityTest" name="TC_003_GasAndElectricityTestMethod" time="28.074"/>
</testsuite> <!-- com.comparethemarket.testscripts.TC_003_GasAndElectricityTest -->
