<?xml version="1.0" encoding="UTF-8"?>
<!-- Generated by org.testng.reporters.JUnitReportReporter -->
<testsuite hostname="F7P7CW1-LAP" failures="0" tests="1" name="com.comparethemarket.testscripts.TC_001_ElectricityTest" time="34.573" errors="0" timestamp="30 Apr 2020 16:11:50 GMT">
  <testcase classname="com.comparethemarket.testscripts.TC_001_ElectricityTest" name="TC_001_ElectricityTestMethod" time="34.573"/>
</testsuite> <!-- com.comparethemarket.testscripts.TC_001_ElectricityTest -->
